mode: atomic
github.com/samwang0723/stock-crawler/internal/app/parser/parser.go:42.20,47.2 2 0
github.com/samwang0723/stock-crawler/internal/app/parser/parser.go:49.79,50.16 1 8
github.com/samwang0723/stock-crawler/internal/app/parser/parser.go:51.52,56.4 1 2
github.com/samwang0723/stock-crawler/internal/app/parser/parser.go:57.54,63.4 1 2
github.com/samwang0723/stock-crawler/internal/app/parser/parser.go:64.32,70.4 1 1
github.com/samwang0723/stock-crawler/internal/app/parser/parser.go:71.32,77.4 1 1
github.com/samwang0723/stock-crawler/internal/app/parser/parser.go:78.34,83.4 1 2
github.com/samwang0723/stock-crawler/internal/app/parser/parser.go:87.69,88.21 1 8
github.com/samwang0723/stock-crawler/internal/app/parser/parser.go:92.2,98.16 3 8
github.com/samwang0723/stock-crawler/internal/app/parser/parser.go:102.2,103.12 2 5
github.com/samwang0723/stock-crawler/internal/app/parser/parser.go:88.21,90.3 1 0
github.com/samwang0723/stock-crawler/internal/app/parser/parser.go:98.16,100.3 1 3
github.com/samwang0723/stock-crawler/internal/app/parser/parser.go:106.45,110.2 3 0
github.com/samwang0723/stock-crawler/internal/app/parser/stocks.go:32.89,39.6 5 2
github.com/samwang0723/stock-crawler/internal/app/parser/stocks.go:39.6,41.10 2 227
github.com/samwang0723/stock-crawler/internal/app/parser/stocks.go:42.33,47.22 4 80
github.com/samwang0723/stock-crawler/internal/app/parser/stocks.go:58.29,61.25 3 71
github.com/samwang0723/stock-crawler/internal/app/parser/stocks.go:64.4,64.11 1 47
github.com/samwang0723/stock-crawler/internal/app/parser/stocks.go:72.30,73.24 1 2
github.com/samwang0723/stock-crawler/internal/app/parser/stocks.go:76.4,76.22 1 1
github.com/samwang0723/stock-crawler/internal/app/parser/stocks.go:47.22,48.35 1 9
github.com/samwang0723/stock-crawler/internal/app/parser/stocks.go:56.5,56.25 1 9
github.com/samwang0723/stock-crawler/internal/app/parser/stocks.go:48.35,54.6 1 4
github.com/samwang0723/stock-crawler/internal/app/parser/stocks.go:61.25,62.13 1 24
github.com/samwang0723/stock-crawler/internal/app/parser/stocks.go:65.18,66.21 1 42
github.com/samwang0723/stock-crawler/internal/app/parser/stocks.go:69.16,70.39 1 2
github.com/samwang0723/stock-crawler/internal/app/parser/stocks.go:66.21,68.6 1 24
github.com/samwang0723/stock-crawler/internal/app/parser/stocks.go:73.24,75.5 1 1
github.com/samwang0723/stock-crawler/internal/app/parser/concentration.go:33.98,41.49 6 2
github.com/samwang0723/stock-crawler/internal/app/parser/concentration.go:46.2,48.6 2 2
github.com/samwang0723/stock-crawler/internal/app/parser/concentration.go:41.49,44.3 2 2
github.com/samwang0723/stock-crawler/internal/app/parser/concentration.go:48.6,50.10 2 257
github.com/samwang0723/stock-crawler/internal/app/parser/concentration.go:51.33,53.42 2 73
github.com/samwang0723/stock-crawler/internal/app/parser/concentration.go:60.4,61.31 2 73
github.com/samwang0723/stock-crawler/internal/app/parser/concentration.go:62.29,65.25 3 114
github.com/samwang0723/stock-crawler/internal/app/parser/concentration.go:69.4,69.11 1 47
github.com/samwang0723/stock-crawler/internal/app/parser/concentration.go:96.30,97.24 1 2
github.com/samwang0723/stock-crawler/internal/app/parser/concentration.go:100.4,100.22 1 1
github.com/samwang0723/stock-crawler/internal/app/parser/concentration.go:53.42,55.48 2 7
github.com/samwang0723/stock-crawler/internal/app/parser/concentration.go:55.48,57.6 1 3
github.com/samwang0723/stock-crawler/internal/app/parser/concentration.go:65.25,66.13 1 67
github.com/samwang0723/stock-crawler/internal/app/parser/concentration.go:70.17,72.25 2 1
github.com/samwang0723/stock-crawler/internal/app/parser/concentration.go:75.5,75.60 1 1
github.com/samwang0723/stock-crawler/internal/app/parser/concentration.go:76.18,77.21 1 27
github.com/samwang0723/stock-crawler/internal/app/parser/concentration.go:72.25,74.6 1 0
github.com/samwang0723/stock-crawler/internal/app/parser/concentration.go:77.21,80.59 2 9
github.com/samwang0723/stock-crawler/internal/app/parser/concentration.go:85.6,85.36 1 9
github.com/samwang0723/stock-crawler/internal/app/parser/concentration.go:80.59,82.7 1 4
github.com/samwang0723/stock-crawler/internal/app/parser/concentration.go:85.36,93.7 2 1
github.com/samwang0723/stock-crawler/internal/app/parser/concentration.go:97.24,99.5 1 1
github.com/samwang0723/stock-crawler/internal/app/parser/csv.go:34.88,35.22 1 4
github.com/samwang0723/stock-crawler/internal/app/parser/csv.go:39.2,49.6 7 4
github.com/samwang0723/stock-crawler/internal/app/parser/csv.go:71.2,71.21 1 4
github.com/samwang0723/stock-crawler/internal/app/parser/csv.go:75.2,75.20 1 3
github.com/samwang0723/stock-crawler/internal/app/parser/csv.go:35.22,37.3 1 0
github.com/samwang0723/stock-crawler/internal/app/parser/csv.go:49.6,51.20 2 222
github.com/samwang0723/stock-crawler/internal/app/parser/csv.go:58.3,59.86 2 130
github.com/samwang0723/stock-crawler/internal/app/parser/csv.go:51.20,52.9 1 4
github.com/samwang0723/stock-crawler/internal/app/parser/csv.go:53.9,53.60 1 218
github.com/samwang0723/stock-crawler/internal/app/parser/csv.go:53.60,54.12 1 88
github.com/samwang0723/stock-crawler/internal/app/parser/csv.go:59.86,69.4 2 114
github.com/samwang0723/stock-crawler/internal/app/parser/csv.go:71.21,73.3 1 1
github.com/samwang0723/stock-crawler/internal/helper/helper.go:42.52,44.16 2 0
github.com/samwang0723/stock-crawler/internal/helper/helper.go:48.2,48.24 1 0
github.com/samwang0723/stock-crawler/internal/helper/helper.go:44.16,46.3 1 0
github.com/samwang0723/stock-crawler/internal/helper/helper.go:51.43,55.14 4 0
github.com/samwang0723/stock-crawler/internal/helper/helper.go:58.2,58.15 1 0
github.com/samwang0723/stock-crawler/internal/helper/helper.go:55.14,57.3 1 0
github.com/samwang0723/stock-crawler/internal/helper/helper.go:61.31,62.43 1 2
github.com/samwang0723/stock-crawler/internal/helper/helper.go:65.2,65.14 1 1
github.com/samwang0723/stock-crawler/internal/helper/helper.go:62.43,64.3 1 1
github.com/samwang0723/stock-crawler/internal/helper/helper.go:68.30,69.55 1 2
github.com/samwang0723/stock-crawler/internal/helper/helper.go:73.2,73.10 1 1
github.com/samwang0723/stock-crawler/internal/helper/helper.go:69.55,71.3 1 1
github.com/samwang0723/stock-crawler/internal/helper/helper.go:76.32,77.56 1 3
github.com/samwang0723/stock-crawler/internal/helper/helper.go:81.2,81.10 1 2
github.com/samwang0723/stock-crawler/internal/helper/helper.go:77.56,79.3 1 1
github.com/samwang0723/stock-crawler/internal/helper/helper.go:84.34,85.53 1 2
github.com/samwang0723/stock-crawler/internal/helper/helper.go:88.2,88.10 1 1
github.com/samwang0723/stock-crawler/internal/helper/helper.go:85.53,87.3 1 1
github.com/samwang0723/stock-crawler/internal/helper/helper.go:91.82,94.21 3 8
github.com/samwang0723/stock-crawler/internal/helper/helper.go:99.2,100.52 2 8
github.com/samwang0723/stock-crawler/internal/helper/helper.go:103.2,103.11 1 7
github.com/samwang0723/stock-crawler/internal/helper/helper.go:94.21,96.3 1 4
github.com/samwang0723/stock-crawler/internal/helper/helper.go:100.52,102.3 1 1
github.com/samwang0723/stock-crawler/internal/helper/helper.go:106.61,108.16 2 5
github.com/samwang0723/stock-crawler/internal/helper/helper.go:111.2,112.14 2 4
github.com/samwang0723/stock-crawler/internal/helper/helper.go:117.2,119.16 2 4
github.com/samwang0723/stock-crawler/internal/helper/helper.go:124.2,124.10 1 4
github.com/samwang0723/stock-crawler/internal/helper/helper.go:108.16,110.3 1 1
github.com/samwang0723/stock-crawler/internal/helper/helper.go:112.14,114.3 1 0
github.com/samwang0723/stock-crawler/internal/helper/helper.go:120.22,122.33 1 2
github.com/samwang0723/stock-crawler/internal/helper/helper.go:127.60,129.14 2 2
github.com/samwang0723/stock-crawler/internal/helper/helper.go:132.2,133.42 2 2
github.com/samwang0723/stock-crawler/internal/helper/helper.go:129.14,131.3 1 0
github.com/samwang0723/stock-crawler/internal/helper/helper.go:136.51,137.34 1 3
github.com/samwang0723/stock-crawler/internal/helper/helper.go:142.2,142.14 1 0
github.com/samwang0723/stock-crawler/internal/helper/helper.go:137.34,141.3 3 3
github.com/samwang0723/stock-crawler/internal/helper/helper.go:145.51,146.34 1 0
github.com/samwang0723/stock-crawler/internal/helper/helper.go:152.2,152.14 1 0
github.com/samwang0723/stock-crawler/internal/helper/helper.go:146.34,151.3 4 0
github.com/samwang0723/stock-crawler/internal/helper/helper.go:155.61,161.17 4 3
github.com/samwang0723/stock-crawler/internal/helper/helper.go:181.2,181.19 1 3
github.com/samwang0723/stock-crawler/internal/helper/helper.go:186.2,187.20 2 2
github.com/samwang0723/stock-crawler/internal/helper/helper.go:198.2,199.57 2 2
github.com/samwang0723/stock-crawler/internal/helper/helper.go:202.2,202.37 1 2
github.com/samwang0723/stock-crawler/internal/helper/helper.go:206.2,206.69 1 2
github.com/samwang0723/stock-crawler/internal/helper/helper.go:161.17,165.3 3 0
github.com/samwang0723/stock-crawler/internal/helper/helper.go:165.8,165.24 1 3
github.com/samwang0723/stock-crawler/internal/helper/helper.go:165.24,169.3 3 1
github.com/samwang0723/stock-crawler/internal/helper/helper.go:169.8,169.24 1 2
github.com/samwang0723/stock-crawler/internal/helper/helper.go:169.24,173.3 3 1
github.com/samwang0723/stock-crawler/internal/helper/helper.go:173.8,173.24 1 1
github.com/samwang0723/stock-crawler/internal/helper/helper.go:173.24,177.3 3 1
github.com/samwang0723/stock-crawler/internal/helper/helper.go:177.8,179.3 1 0
github.com/samwang0723/stock-crawler/internal/helper/helper.go:181.19,183.3 1 1
github.com/samwang0723/stock-crawler/internal/helper/helper.go:187.20,189.3 1 0
github.com/samwang0723/stock-crawler/internal/helper/helper.go:189.8,189.27 1 2
github.com/samwang0723/stock-crawler/internal/helper/helper.go:189.27,191.3 1 0
github.com/samwang0723/stock-crawler/internal/helper/helper.go:191.8,191.27 1 2
github.com/samwang0723/stock-crawler/internal/helper/helper.go:191.27,193.3 1 1
github.com/samwang0723/stock-crawler/internal/helper/helper.go:193.8,195.3 1 1
github.com/samwang0723/stock-crawler/internal/helper/helper.go:199.57,201.3 1 1
github.com/samwang0723/stock-crawler/internal/helper/helper.go:202.37,204.3 1 0
github.com/samwang0723/stock-crawler/internal/helper/helper.go:209.29,212.13 3 0
github.com/samwang0723/stock-crawler/internal/helper/helper.go:220.2,220.15 1 0
github.com/samwang0723/stock-crawler/internal/helper/helper.go:213.21,214.17 1 0
github.com/samwang0723/stock-crawler/internal/helper/helper.go:215.17,216.21 1 0
github.com/samwang0723/stock-crawler/internal/helper/helper.go:217.20,218.18 1 0
github.com/samwang0723/stock-crawler/internal/helper/helper.go:223.36,231.2 3 0
github.com/samwang0723/stock-crawler/internal/helper/helper.go:233.36,235.2 1 0
github.com/samwang0723/stock-crawler/internal/helper/helper.go:237.60,241.31 3 0
github.com/samwang0723/stock-crawler/internal/helper/helper.go:244.2,244.31 1 0
github.com/samwang0723/stock-crawler/internal/helper/helper.go:248.2,248.28 1 0
github.com/samwang0723/stock-crawler/internal/helper/helper.go:254.2,254.16 1 0
github.com/samwang0723/stock-crawler/internal/helper/helper.go:241.31,243.3 1 0
github.com/samwang0723/stock-crawler/internal/helper/helper.go:244.31,246.3 1 0
github.com/samwang0723/stock-crawler/internal/helper/helper.go:248.28,249.16 1 0
github.com/samwang0723/stock-crawler/internal/helper/helper.go:249.16,251.4 1 0
github.com/samwang0723/stock-crawler/internal/app/crawler/crawler.go:37.44,48.2 2 0
github.com/samwang0723/stock-crawler/internal/app/crawler/crawler.go:50.45,52.2 1 0
github.com/samwang0723/stock-crawler/internal/app/crawler/crawler.go:54.42,56.2 1 0
github.com/samwang0723/stock-crawler/internal/app/crawler/crawler.go:58.74,59.22 1 2
github.com/samwang0723/stock-crawler/internal/app/crawler/crawler.go:62.2,64.20 3 2
github.com/samwang0723/stock-crawler/internal/app/crawler/crawler.go:68.2,69.16 2 2
github.com/samwang0723/stock-crawler/internal/app/crawler/crawler.go:74.2,74.21 1 1
github.com/samwang0723/stock-crawler/internal/app/crawler/crawler.go:77.2,77.25 1 1
github.com/samwang0723/stock-crawler/internal/app/crawler/crawler.go:59.22,61.3 1 0
github.com/samwang0723/stock-crawler/internal/app/crawler/crawler.go:64.20,66.3 1 0
github.com/samwang0723/stock-crawler/internal/app/crawler/crawler.go:69.16,71.3 1 1
github.com/samwang0723/stock-crawler/internal/app/crawler/crawler.go:74.21,76.3 1 1
github.com/samwang0723/stock-crawler/internal/app/crawler/crawler.go:80.85,82.16 2 2
github.com/samwang0723/stock-crawler/internal/app/crawler/crawler.go:85.2,94.16 5 2
github.com/samwang0723/stock-crawler/internal/app/crawler/crawler.go:97.2,98.38 2 2
github.com/samwang0723/stock-crawler/internal/app/crawler/crawler.go:104.2,105.16 2 1
github.com/samwang0723/stock-crawler/internal/app/crawler/crawler.go:109.2,110.15 2 1
github.com/samwang0723/stock-crawler/internal/app/crawler/crawler.go:82.16,84.3 1 0
github.com/samwang0723/stock-crawler/internal/app/crawler/crawler.go:94.16,96.3 1 0
github.com/samwang0723/stock-crawler/internal/app/crawler/crawler.go:98.38,100.3 1 1
github.com/samwang0723/stock-crawler/internal/app/crawler/crawler.go:105.16,107.3 1 0
